# JRE version: OpenJDK Runtime Environment (8.0_282-b08) (build 1.8.0_282-8u282-b08-0ubuntu1~18.04-b08)
# Java VM: OpenJDK 64-Bit Server VM (25.282-b08 mixed mode linux-amd64 compressed oops)
Heap:
 PSYoungGen      total 204800K, used 57666K [0x00000000f0000000, 0x0000000100000000, 0x0000000100000000)
  eden space 144896K, 17% used [0x00000000f0000000,0x00000000f1879768,0x00000000f8d80000)
  from space 59904K, 54% used [0x00000000fc580000,0x00000000fe557488,0x0000000100000000)
  to   space 57344K, 0% used [0x00000000f8d80000,0x00000000f8d80000,0x00000000fc580000)
 ParOldGen       total 524288K, used 89189K [0x00000000d0000000, 0x00000000f0000000, 0x00000000f0000000)
  object space 524288K, 17% used [0x00000000d0000000,0x00000000d57197b0,0x00000000f0000000)
 Metaspace       used 76928K, capacity 80670K, committed 80984K, reserved 1120256K
  class space    used 9653K, capacity 10733K, committed 10840K, reserved 1048576K
GC Heap History (10 events):
Event: 2848.850 GC heap before
{Heap before GC invocations=35 (full 3):
 PSYoungGen      total 185344K, used 185342K [0x00000000f0000000, 0x0000000100000000, 0x0000000100000000)
  eden space 146944K, 100% used [0x00000000f0000000,0x00000000f8f80000,0x00000000f8f80000)
  from space 38400K, 99% used [0x00000000f9100000,0x00000000fb67f8d8,0x00000000fb680000)
  to   space 58368K, 0% used [0x00000000fc700000,0x00000000fc700000,0x0000000100000000)
 ParOldGen       total 524288K, used 81913K [0x00000000d0000000, 0x00000000f0000000, 0x00000000f0000000)
  object space 524288K, 15% used [0x00000000d0000000,0x00000000d4ffe750,0x00000000f0000000)
 Metaspace       used 71986K, capacity 75464K, committed 75736K, reserved 1114112K
  class space    used 9313K, capacity 10352K, committed 10456K, reserved 1048576K
Event: 2848.877 GC heap after
Heap after GC invocations=35 (full 3):
 PSYoungGen      total 202752K, used 38908K [0x00000000f0000000, 0x0000000100000000, 0x0000000100000000)
  eden space 144384K, 0% used [0x00000000f0000000,0x00000000f0000000,0x00000000f8d00000)
  from space 58368K, 66% used [0x00000000fc700000,0x00000000fecff0c0,0x0000000100000000)
  to   space 58880K, 0% used [0x00000000f8d00000,0x00000000f8d00000,0x00000000fc680000)
 ParOldGen       total 524288K, used 81921K [0x00000000d0000000, 0x00000000f0000000, 0x00000000f0000000)
  object space 524288K, 15% used [0x00000000d0000000,0x00000000d5000750,0x00000000f0000000)
 Metaspace       used 71986K, capacity 75464K, committed 75736K, reserved 1114112K
  class space    used 9313K, capacity 10352K, committed 10456K, reserved 1048576K
}
Event: 3541.280 GC heap before
{Heap before GC invocations=36 (full 3):
 PSYoungGen      total 202752K, used 183292K [0x00000000f0000000, 0x0000000100000000, 0x0000000100000000)
  eden space 144384K, 100% used [0x00000000f0000000,0x00000000f8d00000,0x00000000f8d00000)
  from space 58368K, 66% used [0x00000000fc700000,0x00000000fecff0c0,0x0000000100000000)
  to   space 58880K, 0% used [0x00000000f8d00000,0x00000000f8d00000,0x00000000fc680000)
 ParOldGen       total 524288K, used 81921K [0x00000000d0000000, 0x00000000f0000000, 0x00000000f0000000)
  object space 524288K, 15% used [0x00000000d0000000,0x00000000d5000750,0x00000000f0000000)
 Metaspace       used 72417K, capacity 75910K, committed 75992K, reserved 1114112K
  class space    used 9341K, capacity 10389K, committed 10456K, reserved 1048576K
Event: 3541.342 GC heap after
Heap after GC invocations=36 (full 3):
 PSYoungGen      total 183296K, used 38595K [0x00000000f0000000, 0x0000000100000000, 0x0000000100000000)
  eden space 144384K, 0% used [0x00000000f0000000,0x00000000f0000000,0x00000000f8d00000)
  from space 38912K, 99% used [0x00000000f8d00000,0x00000000fb2b0ea0,0x00000000fb300000)
  to   space 59392K, 0% used [0x00000000fc600000,0x00000000fc600000,0x0000000100000000)
 ParOldGen       total 524288K, used 81929K [0x00000000d0000000, 0x00000000f0000000, 0x00000000f0000000)
  object space 524288K, 15% used [0x00000000d0000000,0x00000000d5002750,0x00000000f0000000)
 Metaspace       used 72417K, capacity 75910K, committed 75992K, reserved 1114112K
  class space    used 9341K, capacity 10389K, committed 10456K, reserved 1048576K
}
Event: 4490.182 GC heap before
{Heap before GC invocations=37 (full 3):
 PSYoungGen      total 183296K, used 182979K [0x00000000f0000000, 0x0000000100000000, 0x0000000100000000)
  eden space 144384K, 100% used [0x00000000f0000000,0x00000000f8d00000,0x00000000f8d00000)
  from space 38912K, 99% used [0x00000000f8d00000,0x00000000fb2b0ea0,0x00000000fb300000)
  to   space 59392K, 0% used [0x00000000fc600000,0x00000000fc600000,0x0000000100000000)
 ParOldGen       total 524288K, used 81929K [0x00000000d0000000, 0x00000000f0000000, 0x00000000f0000000)
  object space 524288K, 15% used [0x00000000d0000000,0x00000000d5002750,0x00000000f0000000)
 Metaspace       used 76117K, capacity 79656K, committed 79832K, reserved 1118208K
  class space    used 9541K, capacity 10600K, committed 10712K, reserved 1048576K
Event: 4490.232 GC heap after
Heap after GC invocations=37 (full 3):
 PSYoungGen      total 200704K, used 40124K [0x00000000f0000000, 0x0000000100000000, 0x0000000100000000)
  eden space 141312K, 0% used [0x00000000f0000000,0x00000000f0000000,0x00000000f8a00000)
  from space 59392K, 67% used [0x00000000fc600000,0x00000000fed2f208,0x0000000100000000)
  to   space 60416K, 0% used [0x00000000f8a00000,0x00000000f8a00000,0x00000000fc500000)
 ParOldGen       total 524288K, used 81937K [0x00000000d0000000, 0x00000000f0000000, 0x00000000f0000000)
  object space 524288K, 15% used [0x00000000d0000000,0x00000000d5004750,0x00000000f0000000)
 Metaspace       used 76117K, capacity 79656K, committed 79832K, reserved 1118208K
  class space    used 9541K, capacity 10600K, committed 10712K, reserved 1048576K
}
Event: 6481.440 GC heap before
{Heap before GC invocations=38 (full 3):
 PSYoungGen      total 200704K, used 181436K [0x00000000f0000000, 0x0000000100000000, 0x0000000100000000)
  eden space 141312K, 100% used [0x00000000f0000000,0x00000000f8a00000,0x00000000f8a00000)
  from space 59392K, 67% used [0x00000000fc600000,0x00000000fed2f208,0x0000000100000000)
  to   space 60416K, 0% used [0x00000000f8a00000,0x00000000f8a00000,0x00000000fc500000)
 ParOldGen       total 524288K, used 81937K [0x00000000d0000000, 0x00000000f0000000, 0x00000000f0000000)
  object space 524288K, 15% used [0x00000000d0000000,0x00000000d5004750,0x00000000f0000000)
 Metaspace       used 76493K, capacity 80168K, committed 80344K, reserved 1118208K
  class space    used 9610K, capacity 10702K, committed 10712K, reserved 1048576K
Event: 6481.459 GC heap after
Heap after GC invocations=38 (full 3):
 PSYoungGen      total 201728K, used 37116K [0x00000000f0000000, 0x0000000100000000, 0x0000000100000000)
  eden space 141312K, 0% used [0x00000000f0000000,0x00000000f0000000,0x00000000f8a00000)
  from space 60416K, 61% used [0x00000000f8a00000,0x00000000fae3f008,0x00000000fc500000)
  to   space 59904K, 0% used [0x00000000fc580000,0x00000000fc580000,0x0000000100000000)
 ParOldGen       total 524288K, used 85949K [0x00000000d0000000, 0x00000000f0000000, 0x00000000f0000000)
  object space 524288K, 16% used [0x00000000d0000000,0x00000000d53ef780,0x00000000f0000000)
 Metaspace       used 76493K, capacity 80168K, committed 80344K, reserved 1118208K
  class space    used 9610K, capacity 10702K, committed 10712K, reserved 1048576K
}
Event: 9547.006 GC heap before
{Heap before GC invocations=39 (full 3):
 PSYoungGen      total 201728K, used 178428K [0x00000000f0000000, 0x0000000100000000, 0x0000000100000000)
  eden space 141312K, 100% used [0x00000000f0000000,0x00000000f8a00000,0x00000000f8a00000)
  from space 60416K, 61% used [0x00000000f8a00000,0x00000000fae3f008,0x00000000fc500000)
  to   space 59904K, 0% used [0x00000000fc580000,0x00000000fc580000,0x0000000100000000)
 ParOldGen       total 524288K, used 85949K [0x00000000d0000000, 0x00000000f0000000, 0x00000000f0000000)
  object space 524288K, 16% used [0x00000000d0000000,0x00000000d53ef780,0x00000000f0000000)
 Metaspace       used 76873K, capacity 80540K, committed 80600K, reserved 1120256K
  class space    used 9634K, capacity 10710K, committed 10712K, reserved 1048576K
Event: 9547.019 GC heap after
Heap after GC invocations=39 (full 3):
 PSYoungGen      total 204800K, used 32605K [0x00000000f0000000, 0x0000000100000000, 0x0000000100000000)
  eden space 144896K, 0% used [0x00000000f0000000,0x00000000f0000000,0x00000000f8d80000)
  from space 59904K, 54% used [0x00000000fc580000,0x00000000fe557488,0x0000000100000000)
  to   space 57344K, 0% used [0x00000000f8d80000,0x00000000f8d80000,0x00000000fc580000)
 ParOldGen       total 524288K, used 89189K [0x00000000d0000000, 0x00000000f0000000, 0x00000000f0000000)
  object space 524288K, 17% used [0x00000000d0000000,0x00000000d57197b0,0x00000000f0000000)
 Metaspace       used 76873K, capacity 80540K, committed 80600K, reserved 1120256K
  class space    used 9634K, capacity 10710K, committed 10712K, reserved 1048576K
}

